          ok  Starting native_osx for sync applications-docker-sync
          ok  applications-docker-sync container still running, restarting unison in container
unison: stopped
unison: started
     success  Sync container started
     success  Showing unison logs from your sync container: applications-docker-sync
[2019-09-18 12:03:38 +0800] Sync Log:  UNISON 2.51.2 (OCAML 4.06.1) started propagating changes at 12:03:37.19 on 18 Sep 2019
[2019-09-18 12:03:38 +0800] Sync Log:  [BGN] Copying laravel-blog/.git/COMMIT_EDITMSG from /host_sync to /app_sync
[2019-09-18 12:03:38 +0800] Sync Log:  [END] Copying laravel-blog/.git/COMMIT_EDITMSG
[2019-09-18 12:03:38 +0800] Sync Log:  [BGN] Copying laravel-blog/.git/HEAD from /host_sync to /app_sync
[2019-09-18 12:03:38 +0800] Sync Log:  [END] Copying laravel-blog/.git/HEAD
[2019-09-18 12:03:38 +0800] Sync Log:  [BGN] Copying laravel-blog/.git/branches from /host_sync to /app_sync
[2019-09-18 12:03:38 +0800] Sync Log:  [END] Copying laravel-blog/.git/branches
[2019-09-18 12:03:38 +0800] Sync Log:  [BGN] Copying laravel-blog/.git/description from /host_sync to /app_sync
[2019-09-18 12:03:38 +0800] Sync Log:  [END] Copying laravel-blog/.git/description
[2019-09-18 12:03:38 +0800] Sync Log:  [BGN] Copying laravel-blog/.git/hooks from /host_sync to /app_sync
[2019-09-18 12:03:38 +0800] Sync Log:  [END] Copying laravel-blog/.git/hooks
[2019-09-18 12:03:38 +0800] Sync Log:  [BGN] Copying laravel-blog/.git/index from /host_sync to /app_sync
[2019-09-18 12:03:38 +0800] Sync Log:  [END] Copying laravel-blog/.git/index
[2019-09-18 12:03:38 +0800] Sync Log:  [BGN] Copying laravel-blog/.git/info from /host_sync to /app_sync
[2019-09-18 12:03:38 +0800] Sync Log:  [END] Copying laravel-blog/.git/info
[2019-09-18 12:03:38 +0800] Sync Log:  [BGN] Copying laravel-blog/.git/logs from /host_sync to /app_sync
[2019-09-18 12:03:38 +0800] Sync Log:  [END] Copying laravel-blog/.git/logs
[2019-09-18 12:03:38 +0800] Sync Log:  [BGN] Copying laravel-blog/.git/objects from /host_sync to /app_sync
[2019-09-18 12:03:50 +0800] Sync Log:  [END] Copying laravel-blog/.git/objects
[2019-09-18 12:03:50 +0800] Sync Log:  [BGN] Copying laravel-blog/.git/packed-refs from /host_sync to /app_sync
[2019-09-18 12:03:50 +0800] Sync Log:  [END] Copying laravel-blog/.git/packed-refs
[2019-09-18 12:03:50 +0800] Sync Log:  [BGN] Copying laravel-blog/.git/refs from /host_sync to /app_sync
[2019-09-18 12:03:50 +0800] Sync Log:  [END] Copying laravel-blog/.git/refs
[2019-09-18 12:03:50 +0800] Sync Log:  UNISON 2.51.2 (OCAML 4.06.1) finished propagating changes at 12:03:49.37 on 18 Sep 2019
[2019-09-18 12:03:50 +0800] Sync Log:  Synchronization complete at 12:03:49  (11 items transferred, 0 skipped, 0 failed)
          ok  Starting native_osx for sync applications-docker-sync
          ok  applications-docker-sync container still running, restarting unison in container
unison: stopped
unison: started
     success  Sync container started
     success  Showing unison logs from your sync container: applications-docker-sync
[2019-09-18 12:50:26 +0800] Sync Log:  [BGN] Copying laravel-blog/.git/logs from /host_sync to /app_sync
[2019-09-18 12:50:26 +0800] Sync Log:  [END] Copying laravel-blog/.git/logs
[2019-09-18 12:50:26 +0800] Sync Log:  [BGN] Copying laravel-blog/.git/objects from /host_sync to /app_sync
[2019-09-18 12:50:26 +0800] Sync Log:  [END] Copying laravel-blog/.git/objects
[2019-09-18 12:50:26 +0800] Sync Log:  [BGN] Copying laravel-blog/.git/packed-refs from /host_sync to /app_sync
[2019-09-18 12:50:26 +0800] Sync Log:  [END] Copying laravel-blog/.git/packed-refs
[2019-09-18 12:50:26 +0800] Sync Log:  [BGN] Copying laravel-blog/.git/refs from /host_sync to /app_sync
[2019-09-18 12:50:26 +0800] Sync Log:  [END] Copying laravel-blog/.git/refs
[2019-09-18 12:50:26 +0800] Sync Log:  UNISON 2.51.2 (OCAML 4.06.1) finished propagating changes at 12:03:49.37 on 18 Sep 2019
[2019-09-18 12:50:26 +0800] Sync Log:  Synchronization complete at 12:03:49  (11 items transferred, 0 skipped, 0 failed)
